<?xml version="1.0" encoding="UTF-8"?>
<!-- Generated by org.testng.reporters.JUnitReportReporter -->
<testsuite hostname="Mypc" name="testNG.BasicAnnotationsEg" tests="3" failures="0" timestamp="2 Jul 2019 01:07:04 GMT" time="0.182" errors="0">
  <testcase name="function2" time="0.083" classname="testNG.BasicAnnotationsEg"/>
  <testcase name="function1" time="0.089" classname="testNG.BasicAnnotationsEg"/>
  <testcase name="apple" time="0.010" classname="testNG.BasicAnnotationsEg"/>
</testsuite> <!-- testNG.BasicAnnotationsEg -->
