<?xml version="1.0" encoding="UTF-8"?>
<!-- Generated by org.testng.reporters.JUnitReportReporter -->
<testsuite hostname="Mypc" name="testNG.UserReg_TestNG" tests="1" failures="0" timestamp="3 Jul 2019 00:57:25 GMT" time="20.125" errors="0">
  <testcase name="org_Userreg" time="20.125" classname="testNG.UserReg_TestNG"/>
</testsuite> <!-- testNG.UserReg_TestNG -->
