<?xml version="1.0" encoding="UTF-8"?>
<!-- Generated by org.testng.reporters.JUnitReportReporter -->
<testsuite hostname="Mypc" name="testNG.PrimusBankLogin_TestNG" tests="1" failures="0" timestamp="2 Jul 2019 01:20:36 GMT" time="11.729" errors="0">
  <testcase name="App_Login" time="11.729" classname="testNG.PrimusBankLogin_TestNG"/>
</testsuite> <!-- testNG.PrimusBankLogin_TestNG -->
